[0m[[0m[0mdebug[0m] [0m[0m> Exec(;Test/compile; collectAnalyses, None, Some(CommandSource(network-1)))[0m
[0m[[0m[0mdebug[0m] [0m[0munmatched Processing event for requestId None: None[0m
[0m[[0m[0mdebug[0m] [0m[0munmatched Done event for requestId None: None[0m
[0m[[0m[0mdebug[0m] [0m[0m> Exec(Test/compile, None, Some(CommandSource(network-1)))[0m
[0m[[0m[0mdebug[0m] [0m[0munmatched Processing event for requestId None: None[0m
[0m[[0m[0mdebug[0m] [0m[0mEvaluating tasks: Test / compile[0m
[0m[[0m[0mdebug[0m] [0m[0mRunning task... Cancel: Signal, check cycles: false, forcegc: true[0m
[0m[[0m[0mdebug[0m] [0m[0mjsonRpcNotify: JsonRpcNotificationMessage(2.0, build/taskStart, {"taskId":{"id":"4","parents":[]},"eventTime":1643666503287,"message":"Compiling root","dataKind":"compile-task","data":{"target":{"uri":"file:/Users/sdk/Desktop/scala/vscode/hw3_ex14/#root/Compile"}}})[0m
[0m[[0m[0minfo[0m] [0m[0mcompiling 1 Scala source to /Users/sdk/Desktop/scala/vscode/hw3_ex14/target/scala-3.1.0/classes ...[0m
[0m[[0m[0mdebug[0m] [0m[0mjsonRpcNotify: JsonRpcNotificationMessage(2.0, build/logMessage, {"type":3,"message":"compiling 1 Scala source to /Users/sdk/Desktop/scala/vscode/hw3_ex14/target/scala-3.1.0/classes ..."})[0m
[0m[[0m[0mdebug[0m] [0m[0mjsonRpcNotify: JsonRpcNotificationMessage(2.0, build/publishDiagnostics, {"textDocument":{"uri":"file:///Users/sdk/Desktop/scala/vscode/hw3_ex14/src/main/scala/Main.scala"},"buildTarget":{"uri":"file:/Users/sdk/Desktop/scala/vscode/hw3_ex14/#root/Compile"},"diagnostics":[{"range":{"start":{"line":0,"character":0},"end":{"line":0,"character":7}},"severity":1,"source":"sbt","message":"Illegal start of toplevel definition"}],"reset":false})[0m
[0m[[0m[31merror[0m] [0m[0m[31m-- [E103] Syntax Error: /Users/sdk/Desktop/scala/vscode/hw3_ex14/src/main/scala/Main.scala:1:0 [0m[0m
[0m[[0m[31merror[0m] [0m[0m[31m1 |[0mImports: scalation. , scalation.mathstat. , scalation.random. .[0m
[0m[[0m[31merror[0m] [0m[0m  |[31m^^^^^^^[0m[0m
[0m[[0m[31merror[0m] [0m[0m  |Illegal start of toplevel definition[0m
[0m[[0m[0mdebug[0m] [0m[0mjsonRpcNotify: JsonRpcNotificationMessage(2.0, build/logMessage, {"type":1,"message":"\u001b[31m-- [E103] Syntax Error: /Users/sdk/Desktop/scala/vscode/hw3_ex14/src/main/scala/Main.scala:1:0 \u001b[0m\n\u001b[31m1 |\u001b[0mImports: scalation. , scalation.mathstat. , scalation.random. .\n  |\u001b[31m^^^^^^^\u001b[0m\n  |Illegal start of toplevel definition"})[0m
[0m[[0m[31merror[0m] [0m[0mone error found[0m
[0m[[0m[0mdebug[0m] [0m[0mjsonRpcNotify: JsonRpcNotificationMessage(2.0, build/logMessage, {"type":1,"message":"one error found"})[0m
[0m[[0m[31merror[0m] [0m[0mone error found[0m
[0m[[0m[0mdebug[0m] [0m[0mjsonRpcNotify: JsonRpcNotificationMessage(2.0, build/logMessage, {"type":1,"message":"one error found"})[0m
[0m[[0m[0mdebug[0m] [0m[0mjsonRpcNotify: JsonRpcNotificationMessage(2.0, build/publishDiagnostics, {"textDocument":{"uri":"file:///Users/sdk/Desktop/scala/vscode/hw3_ex14/src/main/scala/Main.scala"},"buildTarget":{"uri":"file:/Users/sdk/Desktop/scala/vscode/hw3_ex14/#root/Compile"},"diagnostics":[{"range":{"start":{"line":0,"character":0},"end":{"line":0,"character":7}},"severity":1,"source":"sbt","message":"Illegal start of toplevel definition"}],"reset":true})[0m
[0m[[0m[0mdebug[0m] [0m[0mjsonRpcNotify: JsonRpcNotificationMessage(2.0, build/taskFinish, {"taskId":{"id":"4","parents":[]},"eventTime":1643666503337,"message":"Compiled root","status":2,"dataKind":"compile-report","data":{"target":{"uri":"file:/Users/sdk/Desktop/scala/vscode/hw3_ex14/#root/Compile"},"errors":1,"warnings":0,"time":50}})[0m
[0m[[0m[0mdebug[0m] [0m[0munmatched json error for requestId None: {"code":-32603,"message":"(Compile / \u001b[31mcompileIncremental\u001b[0m) Compilation failed"}[0m
[0m[[0m[31merror[0m] [0m[0m(Compile / [31mcompileIncremental[0m) Compilation failed[0m
[0m[[0m[0mdebug[0m] [0m[0mjsonRpcNotify: JsonRpcNotificationMessage(2.0, build/logMessage, {"type":1,"message":"(Compile / \u001b[31mcompileIncremental\u001b[0m) Compilation failed"})[0m
[0m[[0m[31merror[0m] [0m[0mTotal time: 0 s, completed Jan 31, 2022, 5:01:43 PM[0m
[0m[[0m[0mdebug[0m] [0m[0munmatched Done event for requestId None: None[0m
[0m[[0m[0mdebug[0m] [0m[0m> Exec(shell, None, None)[0m
[0m[[0m[0mdebug[0m] [0m[0msymbol random[0m
[0m[[0m[0mdebug[0m] [0m[0mlsp-definition potentials: Set()[0m
[0m[[0m[0mdebug[0m] [0m[0mlsp-definition locations Vector()[0m
[0m[[0m[0mdebug[0m] [0m[0mUnhandled request received: shutdown: JsonRpcRequestMessage(2.0, ♨3, shutdown, null})[0m
