2022.01.31 16:57:55 INFO  tracing is disabled for protocol LSP, to enable tracing of incoming and outgoing JSON messages create an empty file at /Users/sdk/Desktop/scala/vscode/hw3_ex14/.metals/lsp.trace.json or /Users/sdk/Library/Caches/org.scalameta.metals/lsp.trace.json
2022.01.31 16:57:55 INFO  logging to file /Users/sdk/Desktop/scala/vscode/hw3_ex14/.metals/metals.log
2022.01.31 16:57:55 INFO  Started: Metals version 0.11.1 in workspace '/Users/sdk/Desktop/scala/vscode/hw3_ex14' for client Visual Studio Code 1.63.2.
2022.01.31 16:57:55 INFO  Parse release: 17
2022.01.31 16:58:00 INFO  time: initialize in 5.06s
2022.01.31 16:58:01 WARN  Build server is not auto-connectable.
2022.01.31 16:58:05 INFO  running '/Library/Java/JavaVirtualMachines/amazon-corretto-17.jdk/Contents/Home/bin/java -Djline.terminal=jline.UnsupportedTerminal -Dsbt.log.noformat=true -Dfile.encoding=UTF-8 -jar /var/folders/rz/09rsx9gn7_v672b_tqbwk_g80000gn/T/metals13244009627768274013/sbt-launch.jar -Dbloop.export-jar-classifiers=sources bloopInstall'
2022.01.31 16:58:05 WARN  no build target for: /Users/sdk/Desktop/scala/vscode/hw3_ex14/project/metals.sbt
2022.01.31 16:58:05 WARN  no build target for: /Users/sdk/Desktop/scala/vscode/hw3_ex14/project/project/metals.sbt
2022.01.31 16:58:05 INFO  skipping build import with status 'Started'
2022.01.31 16:58:07 INFO  [info] welcome to sbt 1.6.1 (Amazon.com Inc. Java 17)
2022.01.31 16:58:10 INFO  [info] loading global plugins from /Users/sdk/.sbt/1.0/plugins
2022.01.31 16:58:13 INFO  no build target found for /Users/sdk/Desktop/scala/vscode/hw3_ex14/project/metals.sbt. Using presentation compiler with project's scala-library version: 3.1.0
2022.01.31 16:58:15 INFO  [info] loading settings for project hw3_ex14-build-build from metals.sbt ...
2022.01.31 16:58:15 INFO  [info] loading project definition from /Users/sdk/Desktop/scala/vscode/hw3_ex14/project/project
2022.01.31 16:58:19 INFO  [info] loading settings for project hw3_ex14-build from metals.sbt ...
2022.01.31 16:58:19 INFO  [info] loading project definition from /Users/sdk/Desktop/scala/vscode/hw3_ex14/project
2022.01.31 16:58:23 INFO  [success] Generated .bloop/hw3_ex14-build.json
2022.01.31 16:58:23 INFO  [success] Total time: 4 s, completed Jan 31, 2022, 4:58:23 PM
2022.01.31 16:58:26 INFO  [info] loading settings for project root from build.sbt ...
2022.01.31 16:58:26 INFO  [info] set current project to hw3_ex14 (in build file:/Users/sdk/Desktop/scala/vscode/hw3_ex14/)
2022.01.31 16:58:27 INFO  [success] Generated .bloop/root.json
2022.01.31 16:58:27 INFO  [success] Generated .bloop/root-test.json
2022.01.31 16:58:27 INFO  [success] Total time: 1 s, completed Jan 31, 2022, 4:58:27 PM
2022.01.31 16:58:27 INFO  time: ran 'sbt bloopInstall' in 22s
2022.01.31 16:58:27 INFO  Attempting to connect to the build server...
2022.01.31 16:58:31 INFO  tracing is disabled for protocol BSP, to enable tracing of incoming and outgoing JSON messages create an empty file at /Users/sdk/Desktop/scala/vscode/hw3_ex14/.metals/bsp.trace.json or /Users/sdk/Library/Caches/org.scalameta.metals/bsp.trace.json
2022.01.31 16:58:31 INFO  Attempting to connect to the build server...
2022.01.31 16:58:31 INFO  tracing is disabled for protocol BSP, to enable tracing of incoming and outgoing JSON messages create an empty file at /Users/sdk/Desktop/scala/vscode/hw3_ex14/project/.metals/bsp.trace.json or /Users/sdk/Library/Caches/org.scalameta.metals/bsp.trace.json
2022.01.31 16:58:31 INFO  time: Connected to build server in 4.13s
2022.01.31 16:58:31 INFO  Connected to Build server: Bloop v1.4.12
2022.01.31 16:58:31 INFO  time: Imported build in 0.18s
2022.01.31 16:58:39 INFO  time: indexed workspace in 7.86s
2022.01.31 16:58:42 INFO  compiling root (1 scala source)
2022.01.31 16:58:47 INFO  time: compiled root in 4.53s
Jan 31, 2022 4:59:36 PM org.eclipse.lsp4j.jsonrpc.RemoteEndpoint fallbackResponseError
SEVERE: Internal error: java.lang.reflect.InvocationTargetException
java.lang.RuntimeException: java.lang.reflect.InvocationTargetException
	at org.eclipse.lsp4j.jsonrpc.services.GenericEndpoint.lambda$null$0(GenericEndpoint.java:67)
	at org.eclipse.lsp4j.jsonrpc.services.GenericEndpoint.request(GenericEndpoint.java:120)
	at org.eclipse.lsp4j.jsonrpc.RemoteEndpoint.handleRequest(RemoteEndpoint.java:261)
	at org.eclipse.lsp4j.jsonrpc.RemoteEndpoint.consume(RemoteEndpoint.java:190)
	at org.eclipse.lsp4j.jsonrpc.json.StreamMessageProducer.handleMessage(StreamMessageProducer.java:194)
	at org.eclipse.lsp4j.jsonrpc.json.StreamMessageProducer.listen(StreamMessageProducer.java:94)
	at org.eclipse.lsp4j.jsonrpc.json.ConcurrentMessageProcessor.run(ConcurrentMessageProcessor.java:113)
	at java.base/java.util.concurrent.Executors$RunnableAdapter.call(Executors.java:539)
	at java.base/java.util.concurrent.FutureTask.run(FutureTask.java:264)
	at java.base/java.util.concurrent.ThreadPoolExecutor.runWorker(ThreadPoolExecutor.java:1136)
	at java.base/java.util.concurrent.ThreadPoolExecutor$Worker.run(ThreadPoolExecutor.java:635)
	at java.base/java.lang.Thread.run(Thread.java:833)
Caused by: java.lang.reflect.InvocationTargetException
	at java.base/jdk.internal.reflect.NativeMethodAccessorImpl.invoke0(Native Method)
	at java.base/jdk.internal.reflect.NativeMethodAccessorImpl.invoke(NativeMethodAccessorImpl.java:77)
	at java.base/jdk.internal.reflect.DelegatingMethodAccessorImpl.invoke(DelegatingMethodAccessorImpl.java:43)
	at java.base/java.lang.reflect.Method.invoke(Method.java:568)
	at org.eclipse.lsp4j.jsonrpc.services.GenericEndpoint.lambda$null$0(GenericEndpoint.java:65)
	... 11 more
Caused by: java.lang.IllegalArgumentException: 20 is not a valid line number, allowed [0..5]
	at scala.meta.internal.inputs.InternalInput.lineToOffset(InternalInput.scala:37)
	at scala.meta.internal.inputs.InternalInput.lineToOffset$(InternalInput.scala:32)
	at scala.meta.inputs.Input$VirtualFile.lineToOffset(Input.scala:80)
	at scala.meta.inputs.Position$Range$.apply(Position.scala:59)
	at scala.meta.internal.mtags.MtagsEnrichments$XtensionPositionLspInverse.toMeta(MtagsEnrichments.scala:133)
	at scala.meta.internal.parsing.Trees.$anonfun$findLastEnclosingAt$4(Trees.scala:77)
	at scala.Option.flatMap(Option.scala:271)
	at scala.meta.internal.parsing.Trees.findLastEnclosingAt(Trees.scala:76)
	at scala.meta.internal.metals.codeactions.PatternMatchRefactor.contribute(PatternMatchRefactor.scala:96)
	at scala.meta.internal.metals.CodeActionProvider$$anonfun$1.applyOrElse(CodeActionProvider.scala:64)
	at scala.meta.internal.metals.CodeActionProvider$$anonfun$1.applyOrElse(CodeActionProvider.scala:63)
	at scala.collection.immutable.List.collect(List.scala:323)
	at scala.meta.internal.metals.CodeActionProvider.codeActions(CodeActionProvider.scala:63)
	at scala.meta.internal.metals.MetalsLanguageServer.$anonfun$codeAction$1(MetalsLanguageServer.scala:1592)
	at scala.meta.internal.metals.CancelTokens$.future(CancelTokens.scala:38)
	at scala.meta.internal.metals.MetalsLanguageServer.codeAction(MetalsLanguageServer.scala:1591)
	... 16 more

Jan 31, 2022 5:00:08 PM org.eclipse.lsp4j.jsonrpc.RemoteEndpoint fallbackResponseError
SEVERE: Internal error: java.lang.reflect.InvocationTargetException
java.lang.RuntimeException: java.lang.reflect.InvocationTargetException
	at org.eclipse.lsp4j.jsonrpc.services.GenericEndpoint.lambda$null$0(GenericEndpoint.java:67)
	at org.eclipse.lsp4j.jsonrpc.services.GenericEndpoint.request(GenericEndpoint.java:120)
	at org.eclipse.lsp4j.jsonrpc.RemoteEndpoint.handleRequest(RemoteEndpoint.java:261)
	at org.eclipse.lsp4j.jsonrpc.RemoteEndpoint.consume(RemoteEndpoint.java:190)
	at org.eclipse.lsp4j.jsonrpc.json.StreamMessageProducer.handleMessage(StreamMessageProducer.java:194)
	at org.eclipse.lsp4j.jsonrpc.json.StreamMessageProducer.listen(StreamMessageProducer.java:94)
	at org.eclipse.lsp4j.jsonrpc.json.ConcurrentMessageProcessor.run(ConcurrentMessageProcessor.java:113)
	at java.base/java.util.concurrent.Executors$RunnableAdapter.call(Executors.java:539)
	at java.base/java.util.concurrent.FutureTask.run(FutureTask.java:264)
	at java.base/java.util.concurrent.ThreadPoolExecutor.runWorker(ThreadPoolExecutor.java:1136)
	at java.base/java.util.concurrent.ThreadPoolExecutor$Worker.run(ThreadPoolExecutor.java:635)
	at java.base/java.lang.Thread.run(Thread.java:833)
Caused by: java.lang.reflect.InvocationTargetException
	at java.base/jdk.internal.reflect.NativeMethodAccessorImpl.invoke0(Native Method)
	at java.base/jdk.internal.reflect.NativeMethodAccessorImpl.invoke(NativeMethodAccessorImpl.java:77)
	at java.base/jdk.internal.reflect.DelegatingMethodAccessorImpl.invoke(DelegatingMethodAccessorImpl.java:43)
	at java.base/java.lang.reflect.Method.invoke(Method.java:568)
	at org.eclipse.lsp4j.jsonrpc.services.GenericEndpoint.lambda$null$0(GenericEndpoint.java:65)
	... 11 more
Caused by: java.lang.IllegalArgumentException: 6 is not a valid line number, allowed [0..5]
	at scala.meta.internal.inputs.InternalInput.lineToOffset(InternalInput.scala:37)
	at scala.meta.internal.inputs.InternalInput.lineToOffset$(InternalInput.scala:32)
	at scala.meta.inputs.Input$VirtualFile.lineToOffset(Input.scala:80)
	at scala.meta.inputs.Position$Range$.apply(Position.scala:59)
	at scala.meta.internal.mtags.MtagsEnrichments$XtensionPositionLspInverse.toMeta(MtagsEnrichments.scala:133)
	at scala.meta.internal.parsing.Trees.$anonfun$findLastEnclosingAt$4(Trees.scala:77)
	at scala.Option.flatMap(Option.scala:271)
	at scala.meta.internal.parsing.Trees.findLastEnclosingAt(Trees.scala:76)
	at scala.meta.internal.metals.codeactions.PatternMatchRefactor.contribute(PatternMatchRefactor.scala:96)
	at scala.meta.internal.metals.CodeActionProvider$$anonfun$1.applyOrElse(CodeActionProvider.scala:64)
	at scala.meta.internal.metals.CodeActionProvider$$anonfun$1.applyOrElse(CodeActionProvider.scala:63)
	at scala.collection.immutable.List.collect(List.scala:323)
	at scala.meta.internal.metals.CodeActionProvider.codeActions(CodeActionProvider.scala:63)
	at scala.meta.internal.metals.MetalsLanguageServer.$anonfun$codeAction$1(MetalsLanguageServer.scala:1592)
	at scala.meta.internal.metals.CancelTokens$.future(CancelTokens.scala:38)
	at scala.meta.internal.metals.MetalsLanguageServer.codeAction(MetalsLanguageServer.scala:1591)
	... 16 more

Jan 31, 2022 5:00:08 PM org.eclipse.lsp4j.jsonrpc.RemoteEndpoint handleCancellation
WARNING: Unmatched cancel notification for request id 56
Jan 31, 2022 5:00:18 PM org.eclipse.lsp4j.jsonrpc.RemoteEndpoint fallbackResponseError
SEVERE: Internal error: java.lang.reflect.InvocationTargetException
java.lang.RuntimeException: java.lang.reflect.InvocationTargetException
	at org.eclipse.lsp4j.jsonrpc.services.GenericEndpoint.lambda$null$0(GenericEndpoint.java:67)
	at org.eclipse.lsp4j.jsonrpc.services.GenericEndpoint.request(GenericEndpoint.java:120)
	at org.eclipse.lsp4j.jsonrpc.RemoteEndpoint.handleRequest(RemoteEndpoint.java:261)
	at org.eclipse.lsp4j.jsonrpc.RemoteEndpoint.consume(RemoteEndpoint.java:190)
	at org.eclipse.lsp4j.jsonrpc.json.StreamMessageProducer.handleMessage(StreamMessageProducer.java:194)
	at org.eclipse.lsp4j.jsonrpc.json.StreamMessageProducer.listen(StreamMessageProducer.java:94)
	at org.eclipse.lsp4j.jsonrpc.json.ConcurrentMessageProcessor.run(ConcurrentMessageProcessor.java:113)
	at java.base/java.util.concurrent.Executors$RunnableAdapter.call(Executors.java:539)
	at java.base/java.util.concurrent.FutureTask.run(FutureTask.java:264)
	at java.base/java.util.concurrent.ThreadPoolExecutor.runWorker(ThreadPoolExecutor.java:1136)
	at java.base/java.util.concurrent.ThreadPoolExecutor$Worker.run(ThreadPoolExecutor.java:635)
	at java.base/java.lang.Thread.run(Thread.java:833)
Caused by: java.lang.reflect.InvocationTargetException
	at java.base/jdk.internal.reflect.NativeMethodAccessorImpl.invoke0(Native Method)
	at java.base/jdk.internal.reflect.NativeMethodAccessorImpl.invoke(NativeMethodAccessorImpl.java:77)
	at java.base/jdk.internal.reflect.DelegatingMethodAccessorImpl.invoke(DelegatingMethodAccessorImpl.java:43)
	at java.base/java.lang.reflect.Method.invoke(Method.java:568)
	at org.eclipse.lsp4j.jsonrpc.services.GenericEndpoint.lambda$null$0(GenericEndpoint.java:65)
	... 11 more
Caused by: java.lang.IllegalArgumentException: 11 is not a valid line number, allowed [0..5]
	at scala.meta.internal.inputs.InternalInput.lineToOffset(InternalInput.scala:37)
	at scala.meta.internal.inputs.InternalInput.lineToOffset$(InternalInput.scala:32)
	at scala.meta.inputs.Input$VirtualFile.lineToOffset(Input.scala:80)
	at scala.meta.inputs.Position$Range$.apply(Position.scala:59)
	at scala.meta.internal.mtags.MtagsEnrichments$XtensionPositionLspInverse.toMeta(MtagsEnrichments.scala:133)
	at scala.meta.internal.parsing.Trees.$anonfun$findLastEnclosingAt$4(Trees.scala:77)
	at scala.Option.flatMap(Option.scala:271)
	at scala.meta.internal.parsing.Trees.findLastEnclosingAt(Trees.scala:76)
	at scala.meta.internal.metals.codeactions.PatternMatchRefactor.contribute(PatternMatchRefactor.scala:96)
	at scala.meta.internal.metals.CodeActionProvider$$anonfun$1.applyOrElse(CodeActionProvider.scala:64)
	at scala.meta.internal.metals.CodeActionProvider$$anonfun$1.applyOrElse(CodeActionProvider.scala:63)
	at scala.collection.immutable.List.collect(List.scala:323)
	at scala.meta.internal.metals.CodeActionProvider.codeActions(CodeActionProvider.scala:63)
	at scala.meta.internal.metals.MetalsLanguageServer.$anonfun$codeAction$1(MetalsLanguageServer.scala:1592)
	at scala.meta.internal.metals.CancelTokens$.future(CancelTokens.scala:38)
	at scala.meta.internal.metals.MetalsLanguageServer.codeAction(MetalsLanguageServer.scala:1591)
	... 16 more

Jan 31, 2022 5:00:19 PM org.eclipse.lsp4j.jsonrpc.RemoteEndpoint fallbackResponseError
SEVERE: Internal error: java.lang.reflect.InvocationTargetException
java.lang.RuntimeException: java.lang.reflect.InvocationTargetException
	at org.eclipse.lsp4j.jsonrpc.services.GenericEndpoint.lambda$null$0(GenericEndpoint.java:67)
	at org.eclipse.lsp4j.jsonrpc.services.GenericEndpoint.request(GenericEndpoint.java:120)
	at org.eclipse.lsp4j.jsonrpc.RemoteEndpoint.handleRequest(RemoteEndpoint.java:261)
	at org.eclipse.lsp4j.jsonrpc.RemoteEndpoint.consume(RemoteEndpoint.java:190)
	at org.eclipse.lsp4j.jsonrpc.json.StreamMessageProducer.handleMessage(StreamMessageProducer.java:194)
	at org.eclipse.lsp4j.jsonrpc.json.StreamMessageProducer.listen(StreamMessageProducer.java:94)
	at org.eclipse.lsp4j.jsonrpc.json.ConcurrentMessageProcessor.run(ConcurrentMessageProcessor.java:113)
	at java.base/java.util.concurrent.Executors$RunnableAdapter.call(Executors.java:539)
	at java.base/java.util.concurrent.FutureTask.run(FutureTask.java:264)
	at java.base/java.util.concurrent.ThreadPoolExecutor.runWorker(ThreadPoolExecutor.java:1136)
	at java.base/java.util.concurrent.ThreadPoolExecutor$Worker.run(ThreadPoolExecutor.java:635)
	at java.base/java.lang.Thread.run(Thread.java:833)
Caused by: java.lang.reflect.InvocationTargetException
	at java.base/jdk.internal.reflect.NativeMethodAccessorImpl.invoke0(Native Method)
	at java.base/jdk.internal.reflect.NativeMethodAccessorImpl.invoke(NativeMethodAccessorImpl.java:77)
	at java.base/jdk.internal.reflect.DelegatingMethodAccessorImpl.invoke(DelegatingMethodAccessorImpl.java:43)
	at java.base/java.lang.reflect.Method.invoke(Method.java:568)
	at org.eclipse.lsp4j.jsonrpc.services.GenericEndpoint.lambda$null$0(GenericEndpoint.java:65)
	... 11 more
Caused by: java.lang.IllegalArgumentException: 10 is not a valid line number, allowed [0..5]
	at scala.meta.internal.inputs.InternalInput.lineToOffset(InternalInput.scala:37)
	at scala.meta.internal.inputs.InternalInput.lineToOffset$(InternalInput.scala:32)
	at scala.meta.inputs.Input$VirtualFile.lineToOffset(Input.scala:80)
	at scala.meta.inputs.Position$Range$.apply(Position.scala:59)
	at scala.meta.internal.mtags.MtagsEnrichments$XtensionPositionLspInverse.toMeta(MtagsEnrichments.scala:133)
	at scala.meta.internal.parsing.Trees.$anonfun$findLastEnclosingAt$4(Trees.scala:77)
	at scala.Option.flatMap(Option.scala:271)
	at scala.meta.internal.parsing.Trees.findLastEnclosingAt(Trees.scala:76)
	at scala.meta.internal.metals.codeactions.PatternMatchRefactor.contribute(PatternMatchRefactor.scala:96)
	at scala.meta.internal.metals.CodeActionProvider$$anonfun$1.applyOrElse(CodeActionProvider.scala:64)
	at scala.meta.internal.metals.CodeActionProvider$$anonfun$1.applyOrElse(CodeActionProvider.scala:63)
	at scala.collection.immutable.List.collect(List.scala:323)
	at scala.meta.internal.metals.CodeActionProvider.codeActions(CodeActionProvider.scala:63)
	at scala.meta.internal.metals.MetalsLanguageServer.$anonfun$codeAction$1(MetalsLanguageServer.scala:1592)
	at scala.meta.internal.metals.CancelTokens$.future(CancelTokens.scala:38)
	at scala.meta.internal.metals.MetalsLanguageServer.codeAction(MetalsLanguageServer.scala:1591)
	... 16 more

2022.01.31 17:01:07 INFO  compiling root (1 scala source)
2022.01.31 17:01:14 INFO  time: compiled root in 6.97s
2022.01.31 17:01:43 INFO  compiling root (1 scala source)
2022.01.31 17:01:43 INFO  time: compiled root in 0.31s
2022.01.31 17:01:45 INFO  shutting down Metals
2022.01.31 17:01:45 INFO  Shut down connection with build server.
2022.01.31 17:01:45 INFO  Shut down connection with build server.
2022.01.31 17:03:09 INFO  tracing is disabled for protocol LSP, to enable tracing of incoming and outgoing JSON messages create an empty file at /Users/sdk/Desktop/scala/vscode/hw3_ex14/.metals/lsp.trace.json or /Users/sdk/Library/Caches/org.scalameta.metals/lsp.trace.json
2022.01.31 17:03:09 INFO  logging to file /Users/sdk/Desktop/scala/vscode/hw3_ex14/.metals/metals.log
2022.01.31 17:03:09 INFO  Started: Metals version 0.11.1 in workspace '/Users/sdk/Desktop/scala/vscode/hw3_ex14' for client Visual Studio Code 1.63.2.
2022.01.31 17:03:09 INFO  Parse release: 17
2022.01.31 17:03:15 INFO  time: initialize in 5.22s
2022.01.31 17:03:15 INFO  Attempting to connect to the build server...
2022.01.31 17:03:15 INFO  skipping build import with status 'Installed'
2022.01.31 17:03:16 INFO  tracing is disabled for protocol BSP, to enable tracing of incoming and outgoing JSON messages create an empty file at /Users/sdk/Desktop/scala/vscode/hw3_ex14/.metals/bsp.trace.json or /Users/sdk/Library/Caches/org.scalameta.metals/bsp.trace.json
2022.01.31 17:03:16 INFO  Attempting to connect to the build server...
2022.01.31 17:03:16 INFO  tracing is disabled for protocol BSP, to enable tracing of incoming and outgoing JSON messages create an empty file at /Users/sdk/Desktop/scala/vscode/hw3_ex14/project/.metals/bsp.trace.json or /Users/sdk/Library/Caches/org.scalameta.metals/bsp.trace.json
2022.01.31 17:03:16 INFO  time: Connected to build server in 0.66s
2022.01.31 17:03:16 INFO  Connected to Build server: Bloop v1.4.12
2022.01.31 17:03:23 INFO  no build target found for /Users/sdk/Desktop/scala/vscode/hw3_ex14/src/main/scala/Main.scala. Using presentation compiler with project's scala-library version: 3.1.0
2022.01.31 17:03:23 INFO  time: code lens generation in 7.26s
2022.01.31 17:03:23 INFO  time: Imported build in 0.18s
2022.01.31 17:03:27 INFO  no build target found for /Users/sdk/Desktop/scala/vscode/hw3_ex14/src/main/scala/Main.scala. Using presentation compiler with project's scala-library version: 3.1.0
2022.01.31 17:03:28 INFO  time: code lens generation in 12s
2022.01.31 17:03:34 INFO  time: indexed workspace in 10s
2022.01.31 17:04:44 INFO  compiling root (1 scala source)
2022.01.31 17:04:44 INFO  time: compiled root in 0.27s
2022.01.31 17:04:44 INFO  compiling root (1 scala source)
2022.01.31 17:04:44 INFO  time: compiled root in 80ms
2022.01.31 17:04:47 WARN  Could not load snapshot text for /Users/sdk/Desktop/scala/vscode/hw3_ex14/src/main/scala/Main.scala
2022.01.31 17:04:47 WARN  Could not load snapshot text for /Users/sdk/Desktop/scala/vscode/hw3_ex14/src/main/scala/Main.scala
2022.01.31 17:04:47 WARN  Could not load snapshot text for /Users/sdk/Desktop/scala/vscode/hw3_ex14/src/main/scala/Main.scala
2022.01.31 17:04:47 WARN  Could not load snapshot text for /Users/sdk/Desktop/scala/vscode/hw3_ex14/src/main/scala/Main.scala
2022.01.31 17:04:47 INFO  compiling root (1 scala source)
2022.01.31 17:04:47 INFO  time: compiled root in 75ms
2022.01.31 17:04:49 WARN  Could not load snapshot text for /Users/sdk/Desktop/scala/vscode/hw3_ex14/src/main/scala/Main.scala
2022.01.31 17:04:53 INFO  compiling root (1 scala source)
2022.01.31 17:04:53 INFO  time: compiled root in 97ms
2022.01.31 17:04:53 WARN  Could not load snapshot text for /Users/sdk/Desktop/scala/vscode/hw3_ex14/src/main/scala/Main.scala
2022.01.31 17:04:53 WARN  Could not load snapshot text for /Users/sdk/Desktop/scala/vscode/hw3_ex14/src/main/scala/Main.scala
2022.01.31 17:04:59 WARN  Could not load snapshot text for /Users/sdk/Desktop/scala/vscode/hw3_ex14/src/main/scala/Main.scala
2022.01.31 17:04:59 WARN  Could not load snapshot text for /Users/sdk/Desktop/scala/vscode/hw3_ex14/src/main/scala/Main.scala
2022.01.31 17:05:08 WARN  Could not load snapshot text for /Users/sdk/Desktop/scala/vscode/hw3_ex14/src/main/scala/Main.scala
2022.01.31 17:05:09 WARN  Could not load snapshot text for /Users/sdk/Desktop/scala/vscode/hw3_ex14/src/main/scala/Main.scala
2022.01.31 17:05:09 WARN  Could not load snapshot text for /Users/sdk/Desktop/scala/vscode/hw3_ex14/src/main/scala/Main.scala
2022.01.31 17:05:31 WARN  Could not load snapshot text for /Users/sdk/Desktop/scala/vscode/hw3_ex14/src/main/scala/Main.scala
2022.01.31 17:05:35 WARN  Could not load snapshot text for /Users/sdk/Desktop/scala/vscode/hw3_ex14/src/main/scala/Main.scala
2022.01.31 17:05:36 WARN  Could not load snapshot text for /Users/sdk/Desktop/scala/vscode/hw3_ex14/src/main/scala/Main.scala
2022.01.31 17:05:36 WARN  Could not load snapshot text for /Users/sdk/Desktop/scala/vscode/hw3_ex14/src/main/scala/Main.scala
2022.01.31 17:05:36 WARN  Could not load snapshot text for /Users/sdk/Desktop/scala/vscode/hw3_ex14/src/main/scala/Main.scala
2022.01.31 17:05:37 WARN  Could not load snapshot text for /Users/sdk/Desktop/scala/vscode/hw3_ex14/src/main/scala/Main.scala
2022.01.31 17:05:40 WARN  Could not load snapshot text for /Users/sdk/Desktop/scala/vscode/hw3_ex14/src/main/scala/Main.scala
2022.01.31 17:05:40 WARN  Could not load snapshot text for /Users/sdk/Desktop/scala/vscode/hw3_ex14/src/main/scala/Main.scala
2022.01.31 17:06:09 WARN  Could not load snapshot text for /Users/sdk/Desktop/scala/vscode/hw3_ex14/src/main/scala/Main.scala
2022.01.31 17:06:13 WARN  Could not load snapshot text for /Users/sdk/Desktop/scala/vscode/hw3_ex14/src/main/scala/Main.scala
2022.01.31 17:06:14 WARN  Could not load snapshot text for /Users/sdk/Desktop/scala/vscode/hw3_ex14/src/main/scala/Main.scala
2022.01.31 17:06:14 WARN  Could not load snapshot text for /Users/sdk/Desktop/scala/vscode/hw3_ex14/src/main/scala/Main.scala
2022.01.31 17:06:16 WARN  Could not load snapshot text for /Users/sdk/Desktop/scala/vscode/hw3_ex14/src/main/scala/Main.scala
2022.01.31 17:06:22 WARN  Could not load snapshot text for /Users/sdk/Desktop/scala/vscode/hw3_ex14/src/main/scala/Main.scala
2022.01.31 17:06:23 WARN  Could not load snapshot text for /Users/sdk/Desktop/scala/vscode/hw3_ex14/src/main/scala/Main.scala
2022.01.31 17:06:23 WARN  Could not load snapshot text for /Users/sdk/Desktop/scala/vscode/hw3_ex14/src/main/scala/Main.scala
2022.01.31 17:06:24 WARN  Could not load snapshot text for /Users/sdk/Desktop/scala/vscode/hw3_ex14/src/main/scala/Main.scala
2022.01.31 17:06:28 WARN  Could not load snapshot text for /Users/sdk/Desktop/scala/vscode/hw3_ex14/src/main/scala/Main.scala
2022.01.31 17:06:28 WARN  Could not load snapshot text for /Users/sdk/Desktop/scala/vscode/hw3_ex14/src/main/scala/Main.scala
2022.01.31 17:06:35 INFO  compiling root (1 scala source)
2022.01.31 17:06:35 INFO  time: compiled root in 0.45s
2022.01.31 17:06:50 WARN  Could not load snapshot text for /Users/sdk/Desktop/scala/vscode/hw3_ex14/src/main/scala/Main.scala
2022.01.31 17:06:57 WARN  Could not load snapshot text for /Users/sdk/Desktop/scala/vscode/hw3_ex14/src/main/scala/Main.scala
2022.01.31 17:06:57 WARN  Could not load snapshot text for /Users/sdk/Desktop/scala/vscode/hw3_ex14/src/main/scala/Main.scala
2022.01.31 17:06:58 WARN  Could not load snapshot text for /Users/sdk/Desktop/scala/vscode/hw3_ex14/src/main/scala/Main.scala
2022.01.31 17:06:59 WARN  Could not load snapshot text for /Users/sdk/Desktop/scala/vscode/hw3_ex14/src/main/scala/Main.scala
2022.01.31 17:06:59 WARN  Could not load snapshot text for /Users/sdk/Desktop/scala/vscode/hw3_ex14/src/main/scala/Main.scala
2022.01.31 17:07:00 INFO  compiling root (1 scala source)
2022.01.31 17:07:00 INFO  time: compiled root in 0.39s
2022.01.31 17:08:00 WARN  Could not load snapshot text for /Users/sdk/Desktop/scala/vscode/hw3_ex14/src/main/scala/Main.scala
2022.01.31 17:08:01 WARN  Could not load snapshot text for /Users/sdk/Desktop/scala/vscode/hw3_ex14/src/main/scala/Main.scala
2022.01.31 17:08:01 WARN  Could not load snapshot text for /Users/sdk/Desktop/scala/vscode/hw3_ex14/src/main/scala/Main.scala
2022.01.31 17:08:05 WARN  Could not load snapshot text for /Users/sdk/Desktop/scala/vscode/hw3_ex14/src/main/scala/Main.scala
2022.01.31 17:08:05 WARN  Could not load snapshot text for /Users/sdk/Desktop/scala/vscode/hw3_ex14/src/main/scala/Main.scala
2022.01.31 17:08:07 WARN  Could not load snapshot text for /Users/sdk/Desktop/scala/vscode/hw3_ex14/src/main/scala/Main.scala
2022.01.31 17:08:07 WARN  Could not load snapshot text for /Users/sdk/Desktop/scala/vscode/hw3_ex14/src/main/scala/Main.scala
2022.01.31 17:08:07 INFO  compiling root (1 scala source)
2022.01.31 17:08:07 INFO  time: compiled root in 0.38s
2022.01.31 17:08:09 WARN  Could not load snapshot text for /Users/sdk/Desktop/scala/vscode/hw3_ex14/src/main/scala/Main.scala
2022.01.31 17:08:12 WARN  Could not load snapshot text for /Users/sdk/Desktop/scala/vscode/hw3_ex14/src/main/scala/Main.scala
2022.01.31 17:08:15 WARN  Could not load snapshot text for /Users/sdk/Desktop/scala/vscode/hw3_ex14/src/main/scala/Main.scala
2022.01.31 17:08:15 WARN  Could not load snapshot text for /Users/sdk/Desktop/scala/vscode/hw3_ex14/src/main/scala/Main.scala
2022.01.31 17:08:15 INFO  compiling root (1 scala source)
2022.01.31 17:08:15 INFO  time: compiled root in 0.33s
2022.01.31 17:08:16 WARN  Could not load snapshot text for /Users/sdk/Desktop/scala/vscode/hw3_ex14/src/main/scala/Main.scala
2022.01.31 17:08:21 WARN  Could not load snapshot text for /Users/sdk/Desktop/scala/vscode/hw3_ex14/src/main/scala/Main.scala
2022.01.31 17:08:36 WARN  Could not load snapshot text for /Users/sdk/Desktop/scala/vscode/hw3_ex14/src/main/scala/Main.scala
2022.01.31 17:08:37 WARN  Could not load snapshot text for /Users/sdk/Desktop/scala/vscode/hw3_ex14/src/main/scala/Main.scala
2022.01.31 17:08:37 WARN  Could not load snapshot text for /Users/sdk/Desktop/scala/vscode/hw3_ex14/src/main/scala/Main.scala
2022.01.31 17:08:44 WARN  Could not load snapshot text for /Users/sdk/Desktop/scala/vscode/hw3_ex14/src/main/scala/Main.scala
2022.01.31 17:08:44 WARN  Could not load snapshot text for /Users/sdk/Desktop/scala/vscode/hw3_ex14/src/main/scala/Main.scala
2022.01.31 17:08:45 INFO  compiling root (1 scala source)
2022.01.31 17:08:45 INFO  time: compiled root in 0.23s
2022.01.31 17:09:12 INFO  time: code lens generation in 2.99s
2022.01.31 17:09:12 INFO  time: code lens generation in 2.99s
2022.01.31 17:13:58 WARN  Could not load snapshot text for /Users/sdk/Desktop/scala/vscode/hw3_ex14/src/main/scala/Main.scala
2022.01.31 17:13:59 WARN  Could not load snapshot text for /Users/sdk/Desktop/scala/vscode/hw3_ex14/src/main/scala/Main.scala
2022.01.31 17:13:59 WARN  Could not load snapshot text for /Users/sdk/Desktop/scala/vscode/hw3_ex14/src/main/scala/Main.scala
2022.01.31 17:13:59 WARN  Could not load snapshot text for /Users/sdk/Desktop/scala/vscode/hw3_ex14/src/main/scala/Main.scala
2022.01.31 17:14:01 WARN  Could not load snapshot text for /Users/sdk/Desktop/scala/vscode/hw3_ex14/src/main/scala/Main.scala
2022.01.31 17:14:01 WARN  Could not load snapshot text for /Users/sdk/Desktop/scala/vscode/hw3_ex14/src/main/scala/Main.scala
2022.01.31 17:14:02 INFO  compiling root (1 scala source)
2022.01.31 17:14:02 INFO  time: compiled root in 0.4s
2022.01.31 17:15:05 WARN  Could not load snapshot text for /Users/sdk/Desktop/scala/vscode/hw3_ex14/src/main/scala/Main.scala
2022.01.31 17:15:05 WARN  Could not load snapshot text for /Users/sdk/Desktop/scala/vscode/hw3_ex14/src/main/scala/Main.scala
2022.01.31 17:15:05 WARN  Could not load snapshot text for /Users/sdk/Desktop/scala/vscode/hw3_ex14/src/main/scala/Main.scala
2022.01.31 17:15:06 WARN  Could not load snapshot text for /Users/sdk/Desktop/scala/vscode/hw3_ex14/src/main/scala/Main.scala
2022.01.31 17:15:07 WARN  Could not load snapshot text for /Users/sdk/Desktop/scala/vscode/hw3_ex14/src/main/scala/Main.scala
2022.01.31 17:15:07 WARN  Could not load snapshot text for /Users/sdk/Desktop/scala/vscode/hw3_ex14/src/main/scala/Main.scala
2022.01.31 17:15:08 WARN  Could not load snapshot text for /Users/sdk/Desktop/scala/vscode/hw3_ex14/src/main/scala/Main.scala
2022.01.31 17:15:08 INFO  compiling root (1 scala source)
2022.01.31 17:15:10 INFO  time: compiled root in 1.44s
Jan 31, 2022 5:18:47 PM org.eclipse.lsp4j.jsonrpc.RemoteEndpoint handleCancellation
WARNING: Unmatched cancel notification for request id 782
Jan 31, 2022 5:19:41 PM org.eclipse.lsp4j.jsonrpc.RemoteEndpoint handleCancellation
WARNING: Unmatched cancel notification for request id 967
2022.01.31 17:24:12 INFO  compiling root (1 scala source)
2022.01.31 17:24:12 INFO  time: compiled root in 0.86s
2022.01.31 18:04:21 INFO  compiling root (1 scala source)
2022.01.31 18:04:21 INFO  time: compiled root in 0.74s
2022.01.31 18:05:16 INFO  compiling root (1 scala source)
2022.01.31 18:05:17 INFO  time: compiled root in 1.07s
2022.01.31 18:05:54 INFO  compiling root (1 scala source)
2022.01.31 18:05:54 INFO  time: compiled root in 0.42s
2022.01.31 18:06:12 INFO  compiling root (1 scala source)
2022.01.31 18:06:13 INFO  time: compiled root in 1.23s
2022.01.31 18:06:37 INFO  compiling root (1 scala source)
2022.01.31 18:06:37 INFO  time: compiled root in 0.8s
2022.01.31 18:09:18 INFO  compiling root (2 scala sources)
2022.01.31 18:09:18 INFO  time: compiled root in 0.69s
2022.01.31 18:09:38 INFO  compiling root (2 scala sources)
2022.01.31 18:09:38 INFO  time: compiled root in 0.36s
2022.01.31 18:10:27 INFO  compiling root (2 scala sources)
2022.01.31 18:10:29 INFO  time: compiled root in 1.43s
2022.01.31 18:10:57 INFO  compiling root (1 scala source)
2022.01.31 18:10:57 INFO  time: compiled root in 0.89s
2022.01.31 18:11:47 INFO  compiling root (1 scala source)
2022.01.31 18:11:47 INFO  time: compiled root in 0.41s
2022.01.31 18:11:56 INFO  compiling root (3 scala sources)
2022.01.31 18:11:56 INFO  time: compiled root in 0.29s
2022.01.31 18:11:56 INFO  compiling root (3 scala sources)
2022.01.31 18:11:56 INFO  time: compiled root in 0.5s
2022.01.31 18:12:06 INFO  compiling root (3 scala sources)
2022.01.31 18:12:06 INFO  time: compiled root in 0.82s
2022.01.31 18:21:26 INFO  compiling root (1 scala source)
2022.01.31 18:21:26 INFO  time: compiled root in 0.62s
2022.01.31 18:22:16 INFO  compiling root (1 scala source)
2022.01.31 18:22:16 INFO  time: compiled root in 0.62s
2022.01.31 18:26:16 INFO  compiling root (1 scala source)
2022.01.31 18:26:16 INFO  time: compiled root in 0.56s
2022.01.31 18:26:41 WARN  Error downloading ch.epfl.scala:scala-expression-compiler_3.1.0:2.0.12
  not found: /Users/sdk/.ivy2/local/ch.epfl.scala/scala-expression-compiler_3.1.0/2.0.12/ivys/ivy.xml
  not found: https://repo1.maven.org/maven2/ch/epfl/scala/scala-expression-compiler_3.1.0/2.0.12/scala-expression-compiler_3.1.0-2.0.12.pom
2022.01.31 18:26:41 WARN  Expression evaluation will not work.
2022.01.31 18:26:42 INFO  tracing is disabled for protocol dap-server, to enable tracing of incoming and outgoing JSON messages create an empty file at /Users/sdk/Desktop/scala/vscode/hw3_ex14/.metals/dap-server.trace.json or /Users/sdk/Library/Caches/org.scalameta.metals/dap-server.trace.json
2022.01.31 18:26:42 INFO  tracing is disabled for protocol dap-client, to enable tracing of incoming and outgoing JSON messages create an empty file at /Users/sdk/Desktop/scala/vscode/hw3_ex14/.metals/dap-client.trace.json or /Users/sdk/Library/Caches/org.scalameta.metals/dap-client.trace.json
2022.01.31 18:26:42 INFO  Starting debug proxy for [hw3.normConfidenceIntervalTest]
2022.01.31 18:26:41 INFO  Deduplicating compilation of root from bsp client 'Metals 0.11.1' (since 1h 23m 25.796s)
2022.01.31 18:26:41 INFO  compiling root-test (1 scala source)
2022.01.31 18:26:41 INFO  time: compiled root-test in 0.5s
2022.01.31 18:26:43 WARN  Error downloading ch.epfl.scala:scala-expression-compiler_3.1.0:2.0.12
  not found: /Users/sdk/.ivy2/local/ch.epfl.scala/scala-expression-compiler_3.1.0/2.0.12/ivys/ivy.xml
  not found: https://repo1.maven.org/maven2/ch/epfl/scala/scala-expression-compiler_3.1.0/2.0.12/scala-expression-compiler_3.1.0-2.0.12.pom
2022.01.31 18:26:43 WARN  Expression evaluation will not work.
2022.01.31 18:26:43 INFO  tracing is disabled for protocol dap-server, to enable tracing of incoming and outgoing JSON messages create an empty file at /Users/sdk/Desktop/scala/vscode/hw3_ex14/.metals/dap-server.trace.json or /Users/sdk/Library/Caches/org.scalameta.metals/dap-server.trace.json
2022.01.31 18:26:43 INFO  tracing is disabled for protocol dap-client, to enable tracing of incoming and outgoing JSON messages create an empty file at /Users/sdk/Desktop/scala/vscode/hw3_ex14/.metals/dap-client.trace.json or /Users/sdk/Library/Caches/org.scalameta.metals/dap-client.trace.json
2022.01.31 18:26:42 INFO  Starting debug proxy for [hw3.normConfidenceIntervalTest]
2022.01.31 18:26:45 INFO  Trying to attach to remote debuggee VM localhost:63639 .
2022.01.31 18:26:45 INFO  Trying to attach to remote debuggee VM localhost:63640 .
2022.01.31 18:26:45 INFO  Trying to attach to remote debuggee VM localhost:63640 .
2022.01.31 18:26:45 INFO  Trying to attach to remote debuggee VM localhost:63639 .
2022.01.31 18:26:45 INFO  Attaching to debuggee VM succeeded.
2022.01.31 18:26:45 INFO  Attaching to debuggee VM succeeded.
2022.01.31 18:26:45 INFO  Attaching to debuggee VM succeeded.
2022.01.31 18:26:45 INFO  Attaching to debuggee VM succeeded.
2022.01.31 18:26:45 INFO  Closing debug server tcp://0.0.0.0:63635
2022.01.31 18:26:45 INFO  Closing debug server tcp://0.0.0.0:63627
2022.01.31 18:26:46 INFO  Canceling debug proxy for [hw3.normConfidenceIntervalTest]
2022.01.31 18:26:46 INFO  Canceling debug proxy for [hw3.normConfidenceIntervalTest]
Jan 31, 2022 6:26:46 PM org.eclipse.lsp4j.jsonrpc.json.StreamMessageProducer fireError
SEVERE: java.net.SocketException: Socket closed
org.eclipse.lsp4j.jsonrpc.JsonRpcException: java.net.SocketException: Socket closed
	at org.eclipse.lsp4j.jsonrpc.json.StreamMessageConsumer.consume(StreamMessageConsumer.java:72)
	at scala.meta.internal.metals.debug.SocketEndpoint.consume(SocketEndpoint.scala:22)
	at scala.meta.internal.metals.debug.MessageIdAdapter.consume(MessageIdAdapter.scala:43)
	at scala.meta.internal.metals.debug.ServerAdapter.send(ServerAdapter.scala:30)
	at scala.meta.internal.metals.debug.DebugProxy.$anonfun$handleClientMessage$1(DebugProxy.scala:138)
	at scala.meta.internal.metals.debug.MessageIdAdapter.$anonfun$listen$1(MessageIdAdapter.scala:57)
	at org.eclipse.lsp4j.jsonrpc.json.StreamMessageProducer.handleMessage(StreamMessageProducer.java:194)
	at org.eclipse.lsp4j.jsonrpc.json.StreamMessageProducer.listen(StreamMessageProducer.java:94)
	at scala.meta.internal.metals.debug.SocketEndpoint.listen(SocketEndpoint.scala:26)
	at scala.meta.internal.metals.debug.MessageIdAdapter.listen(MessageIdAdapter.scala:47)
	at scala.meta.internal.metals.debug.DebugProxy.$anonfun$listenToClient$1(DebugProxy.scala:63)
	at scala.runtime.java8.JFunction0$mcV$sp.apply(JFunction0$mcV$sp.java:23)
	at scala.concurrent.Future$.$anonfun$apply$1(Future.scala:659)
	at scala.util.Success.$anonfun$map$1(Try.scala:255)
	at scala.util.Success.map(Try.scala:213)
	at scala.concurrent.Future.$anonfun$map$1(Future.scala:292)
	at scala.concurrent.impl.Promise.liftedTree1$1(Promise.scala:33)
	at scala.concurrent.impl.Promise.$anonfun$transform$1(Promise.scala:33)
	at scala.concurrent.impl.CallbackRunnable.run(Promise.scala:64)
	at java.base/java.util.concurrent.ThreadPoolExecutor.runWorker(ThreadPoolExecutor.java:1136)
	at java.base/java.util.concurrent.ThreadPoolExecutor$Worker.run(ThreadPoolExecutor.java:635)
	at java.base/java.lang.Thread.run(Thread.java:833)
Caused by: java.net.SocketException: Socket closed
	at java.base/sun.nio.ch.NioSocketImpl.ensureOpenAndConnected(NioSocketImpl.java:165)
	at java.base/sun.nio.ch.NioSocketImpl.beginWrite(NioSocketImpl.java:366)
	at java.base/sun.nio.ch.NioSocketImpl.implWrite(NioSocketImpl.java:411)
	at java.base/sun.nio.ch.NioSocketImpl.write(NioSocketImpl.java:440)
	at java.base/sun.nio.ch.NioSocketImpl$2.write(NioSocketImpl.java:826)
	at java.base/java.net.Socket$SocketOutputStream.write(Socket.java:1035)
	at java.base/java.io.BufferedOutputStream.flushBuffer(BufferedOutputStream.java:81)
	at java.base/java.io.BufferedOutputStream.flush(BufferedOutputStream.java:142)
	at org.eclipse.lsp4j.jsonrpc.json.StreamMessageConsumer.consume(StreamMessageConsumer.java:69)
	... 21 more

2022.01.31 18:26:52 INFO  Deduplicating compilation of root from bsp client 'Metals 0.11.1' (since 1h 23m 35.787s)
2022.01.31 18:26:52 INFO  compiling root-test (1 scala source)
2022.01.31 18:26:52 INFO  time: compiled root-test in 0.61s
2022.01.31 18:26:52 WARN  Error downloading ch.epfl.scala:scala-expression-compiler_3.1.0:2.0.12
  not found: /Users/sdk/.ivy2/local/ch.epfl.scala/scala-expression-compiler_3.1.0/2.0.12/ivys/ivy.xml
  not found: https://repo1.maven.org/maven2/ch/epfl/scala/scala-expression-compiler_3.1.0/2.0.12/scala-expression-compiler_3.1.0-2.0.12.pom
2022.01.31 18:26:52 WARN  Expression evaluation will not work.
2022.01.31 18:26:53 INFO  tracing is disabled for protocol dap-server, to enable tracing of incoming and outgoing JSON messages create an empty file at /Users/sdk/Desktop/scala/vscode/hw3_ex14/.metals/dap-server.trace.json or /Users/sdk/Library/Caches/org.scalameta.metals/dap-server.trace.json
2022.01.31 18:26:53 INFO  tracing is disabled for protocol dap-client, to enable tracing of incoming and outgoing JSON messages create an empty file at /Users/sdk/Desktop/scala/vscode/hw3_ex14/.metals/dap-client.trace.json or /Users/sdk/Library/Caches/org.scalameta.metals/dap-client.trace.json
2022.01.31 18:26:53 INFO  Starting debug proxy for [hw3.normConfidenceIntervalTest]
2022.01.31 18:26:54 INFO  Trying to attach to remote debuggee VM localhost:63654 .
2022.01.31 18:26:54 INFO  Attaching to debuggee VM succeeded.
2022.01.31 18:26:54 INFO  Closing debug server tcp://0.0.0.0:63649
2022.01.31 18:26:54 INFO  Canceling debug proxy for [hw3.normConfidenceIntervalTest]
2022.01.31 18:27:12 INFO  compiling root (1 scala source)
2022.01.31 18:27:13 INFO  time: compiled root in 1.75s
2022.01.31 18:27:21 INFO  compiling root (1 scala source)
2022.01.31 18:27:21 INFO  time: compiled root in 0.57s
2022.01.31 18:28:09 INFO  compiling root (1 scala source)
2022.01.31 18:28:09 INFO  time: compiled root in 0.37s
2022.01.31 18:28:23 INFO  compiling root (1 scala source)
2022.01.31 18:28:23 INFO  time: compiled root in 0.43s
2022.01.31 18:28:31 INFO  compiling root (1 scala source)
2022.01.31 18:28:31 INFO  time: compiled root in 0.35s
2022.01.31 18:28:43 INFO  compiling root (1 scala source)
2022.01.31 18:28:43 INFO  time: compiled root in 0.37s
2022.01.31 18:29:11 INFO  compiling root (1 scala source)
2022.01.31 18:29:11 INFO  time: compiled root in 0.33s
2022.01.31 18:29:19 INFO  compiling root (1 scala source)
2022.01.31 18:29:19 INFO  time: compiled root in 0.59s
2022.01.31 18:30:25 INFO  compiling root (1 scala source)
2022.01.31 18:30:25 INFO  time: compiled root in 0.33s
2022.01.31 18:30:36 INFO  compiling root (1 scala source)
2022.01.31 18:30:36 INFO  time: compiled root in 0.37s
2022.01.31 18:30:47 INFO  compiling root (1 scala source)
2022.01.31 18:30:47 INFO  time: compiled root in 0.35s
2022.01.31 18:30:56 INFO  compiling root (1 scala source)
2022.01.31 18:30:56 INFO  time: compiled root in 0.38s
2022.01.31 18:31:10 INFO  compiling root (1 scala source)
2022.01.31 18:31:10 INFO  time: compiled root in 0.56s
2022.01.31 18:32:01 INFO  compiling root (1 scala source)
2022.01.31 18:32:01 INFO  time: compiled root in 0.36s
2022.01.31 18:34:10 INFO  compiling root (1 scala source)
2022.01.31 18:34:10 INFO  time: compiled root in 0.33s
2022.01.31 18:39:15 INFO  compiling root (1 scala source)
2022.01.31 18:39:16 INFO  time: compiled root in 1.09s
2022.01.31 18:41:00 INFO  compiling root (1 scala source)
2022.01.31 18:41:00 INFO  time: compiled root in 0.53s
2022.01.31 18:41:56 INFO  compiling root (1 scala source)
2022.01.31 18:41:56 INFO  time: compiled root in 0.32s
2022.01.31 18:42:18 INFO  compiling root (1 scala source)
2022.01.31 18:42:18 INFO  time: compiled root in 0.46s
2022.01.31 18:43:21 INFO  compiling root (1 scala source)
2022.01.31 18:43:22 INFO  time: compiled root in 1s
2022.01.31 18:44:39 INFO  compiling root (1 scala source)
2022.01.31 18:44:39 INFO  time: compiled root in 0.23s
2022.01.31 18:45:19 INFO  compiling root (1 scala source)
2022.01.31 18:45:19 INFO  time: compiled root in 0.61s
2022.01.31 18:46:19 INFO  compiling root (1 scala source)
2022.01.31 18:46:19 INFO  time: compiled root in 0.25s
2022.01.31 18:46:22 INFO  compiling root (1 scala source)
2022.01.31 18:46:22 INFO  time: compiled root in 0.55s
Jan 31, 2022 6:46:36 PM org.eclipse.lsp4j.jsonrpc.RemoteEndpoint handleCancellation
WARNING: Unmatched cancel notification for request id 3880
2022.01.31 18:48:16 INFO  compiling root (1 scala source)
2022.01.31 18:48:16 INFO  time: compiled root in 0.35s
2022.01.31 18:48:39 INFO  compiling root (1 scala source)
2022.01.31 18:48:39 INFO  time: compiled root in 0.48s
2022.01.31 18:52:49 INFO  compiling root (1 scala source)
2022.01.31 18:52:49 INFO  time: compiled root in 0.54s
2022.01.31 18:53:51 INFO  compiling root (1 scala source)
2022.01.31 18:53:51 INFO  time: compiled root in 0.38s
2022.01.31 18:59:11 INFO  compiling root (1 scala source)
2022.01.31 18:59:11 INFO  time: compiled root in 0.28s
2022.01.31 18:59:50 INFO  compiling root (1 scala source)
2022.01.31 18:59:50 INFO  time: compiled root in 0.59s
2022.01.31 19:00:01 INFO  compiling root (1 scala source)
2022.01.31 19:00:01 INFO  time: compiled root in 0.6s
2022.01.31 19:00:26 INFO  compiling root (1 scala source)
2022.01.31 19:00:26 INFO  time: compiled root in 0.62s
2022.01.31 19:00:50 INFO  compiling root (1 scala source)
2022.01.31 19:00:50 INFO  time: compiled root in 0.38s
2022.01.31 19:01:44 INFO  compiling root (1 scala source)
2022.01.31 19:01:44 INFO  time: compiled root in 0.34s
2022.01.31 19:03:11 INFO  compiling root (1 scala source)
2022.01.31 19:03:11 INFO  time: compiled root in 0.52s
2022.01.31 19:03:19 INFO  compiling root (1 scala source)
2022.01.31 19:03:19 INFO  time: compiled root in 0.23s
2022.01.31 19:05:00 INFO  compiling root (1 scala source)
2022.01.31 19:05:00 INFO  time: compiled root in 0.23s
2022.01.31 19:05:22 INFO  compiling root (1 scala source)
2022.01.31 19:05:22 INFO  time: compiled root in 0.64s
2022.01.31 19:05:36 INFO  compiling root (1 scala source)
2022.01.31 19:05:36 INFO  time: compiled root in 0.34s
2022.01.31 19:06:05 INFO  compiling root (1 scala source)
2022.01.31 19:06:05 INFO  time: compiled root in 0.33s
2022.01.31 19:07:07 INFO  compiling root (1 scala source)
2022.01.31 19:07:07 INFO  time: compiled root in 0.35s
2022.01.31 19:08:21 INFO  compiling root (1 scala source)
2022.01.31 19:08:21 INFO  time: compiled root in 0.41s
2022.01.31 19:28:15 INFO  compiling root (1 scala source)
2022.01.31 19:28:15 INFO  time: compiled root in 0.48s
2022.01.31 19:28:33 INFO  compiling root-test (1 scala source)
2022.01.31 19:28:33 INFO  time: compiled root-test in 74ms
2022.01.31 19:33:15 INFO  shutting down Metals
2022.01.31 19:33:16 INFO  Shut down connection with build server.
2022.01.31 19:33:16 INFO  Shut down connection with build server.
2022.01.31 19:34:19 INFO  tracing is disabled for protocol LSP, to enable tracing of incoming and outgoing JSON messages create an empty file at /Users/sdk/Desktop/scala/vscode/hw3_ex14/.metals/lsp.trace.json or /Users/sdk/Library/Caches/org.scalameta.metals/lsp.trace.json
2022.01.31 19:34:20 INFO  logging to file /Users/sdk/Desktop/scala/vscode/hw3_ex14/.metals/metals.log
2022.01.31 19:34:20 INFO  Started: Metals version 0.11.1 in workspace '/Users/sdk/Desktop/scala/vscode/hw3_ex14' for client Visual Studio Code 1.63.2.
2022.01.31 19:34:20 INFO  Parse release: 17
2022.01.31 19:34:25 INFO  time: initialize in 5.09s
2022.01.31 19:34:25 INFO  Attempting to connect to the build server...
2022.01.31 19:34:25 INFO  skipping build import with status 'Installed'
2022.01.31 19:34:26 INFO  tracing is disabled for protocol BSP, to enable tracing of incoming and outgoing JSON messages create an empty file at /Users/sdk/Desktop/scala/vscode/hw3_ex14/.metals/bsp.trace.json or /Users/sdk/Library/Caches/org.scalameta.metals/bsp.trace.json
2022.01.31 19:34:26 INFO  Attempting to connect to the build server...
2022.01.31 19:34:26 INFO  tracing is disabled for protocol BSP, to enable tracing of incoming and outgoing JSON messages create an empty file at /Users/sdk/Desktop/scala/vscode/hw3_ex14/project/.metals/bsp.trace.json or /Users/sdk/Library/Caches/org.scalameta.metals/bsp.trace.json
2022.01.31 19:34:26 INFO  time: Connected to build server in 0.46s
2022.01.31 19:34:26 INFO  Connected to Build server: Bloop v1.4.12
2022.01.31 19:34:26 INFO  time: Imported build in 0.21s
2022.01.31 19:34:34 INFO  time: indexed workspace in 7.72s
2022.01.31 19:35:08 INFO  shutting down Metals
2022.01.31 19:35:08 INFO  Shut down connection with build server.
2022.01.31 19:35:08 INFO  Shut down connection with build server.
2022.01.31 19:35:22 INFO  tracing is disabled for protocol LSP, to enable tracing of incoming and outgoing JSON messages create an empty file at /Users/sdk/Desktop/scala/vscode/hw3_ex14/.metals/lsp.trace.json or /Users/sdk/Library/Caches/org.scalameta.metals/lsp.trace.json
2022.01.31 19:35:23 INFO  logging to file /Users/sdk/Desktop/scala/vscode/hw3_ex14/.metals/metals.log
2022.01.31 19:35:23 INFO  Started: Metals version 0.11.1 in workspace '/Users/sdk/Desktop/scala/vscode/hw3_ex14' for client Visual Studio Code 1.63.2.
2022.01.31 19:35:23 INFO  Parse release: 17
2022.01.31 19:35:28 INFO  time: initialize in 5.07s
2022.01.31 19:35:29 INFO  Attempting to connect to the build server...
2022.01.31 19:35:29 INFO  skipping build import with status 'Installed'
2022.01.31 19:35:29 INFO  tracing is disabled for protocol BSP, to enable tracing of incoming and outgoing JSON messages create an empty file at /Users/sdk/Desktop/scala/vscode/hw3_ex14/.metals/bsp.trace.json or /Users/sdk/Library/Caches/org.scalameta.metals/bsp.trace.json
2022.01.31 19:35:29 INFO  Attempting to connect to the build server...
2022.01.31 19:35:29 INFO  tracing is disabled for protocol BSP, to enable tracing of incoming and outgoing JSON messages create an empty file at /Users/sdk/Desktop/scala/vscode/hw3_ex14/project/.metals/bsp.trace.json or /Users/sdk/Library/Caches/org.scalameta.metals/bsp.trace.json
2022.01.31 19:35:29 INFO  time: Connected to build server in 0.47s
2022.01.31 19:35:29 INFO  Connected to Build server: Bloop v1.4.12
2022.01.31 19:35:30 INFO  time: Imported build in 0.18s
2022.01.31 19:35:38 INFO  time: indexed workspace in 8.38s
2022.01.31 20:02:21 INFO  compiling root (1 scala source)
2022.01.31 20:02:21 INFO  time: compiled root in 0.49s
2022.01.31 20:02:37 INFO  compiling root (1 scala source)
2022.01.31 20:02:37 INFO  time: compiled root in 0.48s
2022.01.31 20:54:25 INFO  compiling root (1 scala source)
2022.01.31 20:54:25 INFO  time: compiled root in 0.4s
2022.01.31 20:54:47 WARN  Could not load snapshot text for /Users/sdk/Desktop/scala/vscode/hw3_ex14/src/main/scala/hw3/ci.scala
2022.01.31 20:54:47 WARN  Could not load snapshot text for /Users/sdk/Desktop/scala/vscode/hw3_ex14/src/main/scala/hw3/ci.scala
2022.01.31 20:54:47 WARN  Could not load snapshot text for /Users/sdk/Desktop/scala/vscode/hw3_ex14/src/main/scala/hw3/ci.scala
2022.01.31 20:54:47 WARN  Could not load snapshot text for /Users/sdk/Desktop/scala/vscode/hw3_ex14/src/main/scala/hw3/ci.scala
2022.01.31 20:54:48 WARN  Could not load snapshot text for /Users/sdk/Desktop/scala/vscode/hw3_ex14/src/main/scala/hw3/ci.scala
2022.01.31 20:54:48 WARN  Could not load snapshot text for /Users/sdk/Desktop/scala/vscode/hw3_ex14/src/main/scala/hw3/ci.scala
2022.01.31 20:54:50 WARN  Could not load snapshot text for /Users/sdk/Desktop/scala/vscode/hw3_ex14/src/main/scala/hw3/ci.scala
2022.01.31 20:54:50 WARN  Could not load snapshot text for /Users/sdk/Desktop/scala/vscode/hw3_ex14/src/main/scala/hw3/ci.scala
2022.01.31 20:54:52 WARN  Could not load snapshot text for /Users/sdk/Desktop/scala/vscode/hw3_ex14/src/main/scala/hw3/ci.scala
2022.01.31 20:54:54 WARN  Could not load snapshot text for /Users/sdk/Desktop/scala/vscode/hw3_ex14/src/main/scala/hw3/ci.scala
2022.01.31 20:54:54 WARN  Could not load snapshot text for /Users/sdk/Desktop/scala/vscode/hw3_ex14/src/main/scala/hw3/ci.scala
2022.01.31 20:54:58 WARN  Could not load snapshot text for /Users/sdk/Desktop/scala/vscode/hw3_ex14/src/main/scala/hw3/ci.scala
2022.01.31 20:54:58 WARN  Could not load snapshot text for /Users/sdk/Desktop/scala/vscode/hw3_ex14/src/main/scala/hw3/ci.scala
2022.01.31 20:55:01 WARN  Could not load snapshot text for /Users/sdk/Desktop/scala/vscode/hw3_ex14/src/main/scala/hw3/ci.scala
2022.01.31 20:55:03 WARN  Could not load snapshot text for /Users/sdk/Desktop/scala/vscode/hw3_ex14/src/main/scala/hw3/ci.scala
2022.01.31 20:55:03 WARN  Could not load snapshot text for /Users/sdk/Desktop/scala/vscode/hw3_ex14/src/main/scala/hw3/ci.scala
2022.01.31 20:55:05 WARN  Could not load snapshot text for /Users/sdk/Desktop/scala/vscode/hw3_ex14/src/main/scala/hw3/ci.scala
2022.01.31 20:55:05 WARN  Could not load snapshot text for /Users/sdk/Desktop/scala/vscode/hw3_ex14/src/main/scala/hw3/ci.scala
2022.01.31 20:55:05 WARN  Could not load snapshot text for /Users/sdk/Desktop/scala/vscode/hw3_ex14/src/main/scala/hw3/ci.scala
2022.01.31 20:55:06 WARN  Could not load snapshot text for /Users/sdk/Desktop/scala/vscode/hw3_ex14/src/main/scala/hw3/ci.scala
2022.01.31 20:55:07 INFO  compiling root (1 scala source)
2022.01.31 20:55:07 INFO  time: compiled root in 0.22s
2022.01.31 20:55:14 WARN  Could not load snapshot text for /Users/sdk/Desktop/scala/vscode/hw3_ex14/src/main/scala/hw3/ci.scala
2022.01.31 20:55:17 WARN  Could not load snapshot text for /Users/sdk/Desktop/scala/vscode/hw3_ex14/src/main/scala/hw3/ci.scala
2022.01.31 20:55:17 WARN  Could not load snapshot text for /Users/sdk/Desktop/scala/vscode/hw3_ex14/src/main/scala/hw3/ci.scala
2022.01.31 20:55:17 WARN  Could not load snapshot text for /Users/sdk/Desktop/scala/vscode/hw3_ex14/src/main/scala/hw3/ci.scala
2022.01.31 20:55:17 WARN  Could not load snapshot text for /Users/sdk/Desktop/scala/vscode/hw3_ex14/src/main/scala/hw3/ci.scala
2022.01.31 20:55:18 WARN  Could not load snapshot text for /Users/sdk/Desktop/scala/vscode/hw3_ex14/src/main/scala/hw3/ci.scala
2022.01.31 20:55:17 WARN  Could not load snapshot text for /Users/sdk/Desktop/scala/vscode/hw3_ex14/src/main/scala/hw3/ci.scala
2022.01.31 20:55:18 WARN  Could not load snapshot text for /Users/sdk/Desktop/scala/vscode/hw3_ex14/src/main/scala/hw3/ci.scala
2022.01.31 20:55:18 WARN  Could not load snapshot text for /Users/sdk/Desktop/scala/vscode/hw3_ex14/src/main/scala/hw3/ci.scala
2022.01.31 20:55:22 WARN  Could not load snapshot text for /Users/sdk/Desktop/scala/vscode/hw3_ex14/src/main/scala/hw3/ci.scala
2022.01.31 20:55:22 WARN  Could not load snapshot text for /Users/sdk/Desktop/scala/vscode/hw3_ex14/src/main/scala/hw3/ci.scala
2022.01.31 20:55:22 WARN  Could not load snapshot text for /Users/sdk/Desktop/scala/vscode/hw3_ex14/src/main/scala/hw3/ci.scala
2022.01.31 20:55:23 WARN  Could not load snapshot text for /Users/sdk/Desktop/scala/vscode/hw3_ex14/src/main/scala/hw3/ci.scala
2022.01.31 20:55:23 WARN  Could not load snapshot text for /Users/sdk/Desktop/scala/vscode/hw3_ex14/src/main/scala/hw3/ci.scala
2022.01.31 20:55:23 WARN  Could not load snapshot text for /Users/sdk/Desktop/scala/vscode/hw3_ex14/src/main/scala/hw3/ci.scala
2022.01.31 20:55:23 WARN  Could not load snapshot text for /Users/sdk/Desktop/scala/vscode/hw3_ex14/src/main/scala/hw3/ci.scala
2022.01.31 20:55:23 WARN  Could not load snapshot text for /Users/sdk/Desktop/scala/vscode/hw3_ex14/src/main/scala/hw3/ci.scala
2022.01.31 20:55:23 WARN  Could not load snapshot text for /Users/sdk/Desktop/scala/vscode/hw3_ex14/src/main/scala/hw3/ci.scala
2022.01.31 20:55:25 INFO  compiling root (1 scala source)
2022.01.31 20:55:25 INFO  time: compiled root in 0.67s
2022.01.31 20:55:58 INFO  compiling root (1 scala source)
2022.01.31 20:55:58 INFO  time: compiled root in 0.32s
Jan 31, 2022 8:59:15 PM org.eclipse.lsp4j.jsonrpc.RemoteEndpoint handleCancellation
WARNING: Unmatched cancel notification for request id 549
2022.01.31 21:00:51 INFO  compiling root (1 scala source)
2022.01.31 21:00:51 INFO  time: compiled root in 0.18s
2022.01.31 21:01:49 WARN  Could not load snapshot text for /Users/sdk/Desktop/scala/vscode/hw3_ex14/src/main/scala/hw3/ci.scala
2022.01.31 21:03:12 INFO  /Users/sdk/Desktop/scala/vscode/hw3_ex14/src/main/scala/hw3/ci.scala:70:29: stale bloop error: Not found: ci_z
  writer2.write(s"$s_size, $ci_z, $ci_t\n")
                            ^^^^
2022.01.31 21:03:12 INFO  /Users/sdk/Desktop/scala/vscode/hw3_ex14/src/main/scala/hw3/ci.scala:70:36: stale bloop error: Not found: ci_t
  writer2.write(s"$s_size, $ci_z, $ci_t\n")
                                   ^^^^
2022.01.31 21:03:12 INFO  /Users/sdk/Desktop/scala/vscode/hw3_ex14/src/main/scala/hw3/ci.scala:70:29: stale bloop error: Not found: ci_z
  writer2.write(s"$s_size, $ci_z, $ci_t\n")
                            ^^^^
2022.01.31 21:03:12 INFO  /Users/sdk/Desktop/scala/vscode/hw3_ex14/src/main/scala/hw3/ci.scala:70:36: stale bloop error: Not found: ci_t
  writer2.write(s"$s_size, $ci_z, $ci_t\n")
                                   ^^^^
2022.01.31 21:04:01 INFO  /Users/sdk/Desktop/scala/vscode/hw3_ex14/src/main/scala/hw3/ci.scala:70:29: stale bloop error: Not found: ci_z
  writer2.write(s"$s_size, $ci_z, $ci_t\n")
                            ^^^^
2022.01.31 21:04:01 INFO  /Users/sdk/Desktop/scala/vscode/hw3_ex14/src/main/scala/hw3/ci.scala:70:36: stale bloop error: Not found: ci_t
  writer2.write(s"$s_size, $ci_z, $ci_t\n")
                                   ^^^^
2022.01.31 21:04:01 INFO  /Users/sdk/Desktop/scala/vscode/hw3_ex14/src/main/scala/hw3/ci.scala:70:29: stale bloop error: Not found: ci_z
  writer2.write(s"$s_size, $ci_z, $ci_t\n")
                            ^^^^
2022.01.31 21:04:01 INFO  /Users/sdk/Desktop/scala/vscode/hw3_ex14/src/main/scala/hw3/ci.scala:70:36: stale bloop error: Not found: ci_t
  writer2.write(s"$s_size, $ci_z, $ci_t\n")
                                   ^^^^
2022.01.31 21:04:02 WARN  Could not load snapshot text for /Users/sdk/Desktop/scala/vscode/hw3_ex14/src/main/scala/hw3/ci.scala
2022.01.31 21:04:19 INFO  compiling root (1 scala source)
2022.01.31 21:04:19 INFO  time: compiled root in 0.87s
2022.01.31 21:04:46 INFO  compiling root (1 scala source)
2022.01.31 21:04:46 INFO  time: compiled root in 0.75s
2022.01.31 21:05:09 INFO  compiling root (1 scala source)
2022.01.31 21:05:10 INFO  time: compiled root in 1.78s
2022.01.31 21:06:19 INFO  compiling root (1 scala source)
2022.01.31 21:06:21 INFO  time: compiled root in 1.16s
2022.02.01 00:46:12 INFO  compiling root (1 scala source)
2022.02.01 00:46:12 INFO  time: compiled root in 0.54s
2022.02.01 00:46:26 WARN  Could not load snapshot text for /Users/sdk/Desktop/scala/vscode/hw3_ex14/src/main/scala/hw3/ci.scala
2022.02.01 00:46:30 INFO  compiling root (1 scala source)
2022.02.01 00:46:31 INFO  time: compiled root in 1.05s
2022.02.01 00:47:02 INFO  compiling root (1 scala source)
2022.02.01 00:47:03 INFO  time: compiled root in 1.39s
2022.02.01 00:47:54 INFO  compiling root (1 scala source)
2022.02.01 00:47:54 INFO  time: compiled root in 0.67s
2022.02.01 01:39:31 INFO  compiling root (1 scala source)
2022.02.01 01:39:31 INFO  time: compiled root in 0.34s
2022.02.01 01:40:01 INFO  shutting down Metals
2022.02.01 01:40:01 INFO  Shut down connection with build server.
2022.02.01 01:40:01 INFO  Shut down connection with build server.
2022.02.08 22:53:47 INFO  tracing is disabled for protocol LSP, to enable tracing of incoming and outgoing JSON messages create an empty file at /Users/sdk/Desktop/scala/vscode/hw3_ex14/.metals/lsp.trace.json or /Users/sdk/Library/Caches/org.scalameta.metals/lsp.trace.json
2022.02.08 22:53:47 INFO  logging to file /Users/sdk/Desktop/scala/vscode/hw3_ex14/.metals/metals.log
2022.02.08 22:53:47 INFO  Started: Metals version 0.11.1 in workspace '/Users/sdk/Desktop/scala/vscode/hw3_ex14' for client Visual Studio Code 1.64.1.
2022.02.08 22:53:47 INFO  Parse release: 17
2022.02.08 22:53:52 INFO  time: initialize in 5.05s
2022.02.08 22:53:53 INFO  Attempting to connect to the build server...
2022.02.08 22:53:52 INFO  skipping build import with status 'Installed'
2022.02.08 22:53:54 INFO  tracing is disabled for protocol BSP, to enable tracing of incoming and outgoing JSON messages create an empty file at /Users/sdk/Desktop/scala/vscode/hw3_ex14/.metals/bsp.trace.json or /Users/sdk/Library/Caches/org.scalameta.metals/bsp.trace.json
2022.02.08 22:53:54 INFO  Attempting to connect to the build server...
2022.02.08 22:53:54 INFO  tracing is disabled for protocol BSP, to enable tracing of incoming and outgoing JSON messages create an empty file at /Users/sdk/Desktop/scala/vscode/hw3_ex14/project/.metals/bsp.trace.json or /Users/sdk/Library/Caches/org.scalameta.metals/bsp.trace.json
2022.02.08 22:53:54 INFO  time: Connected to build server in 0.81s
2022.02.08 22:53:54 INFO  Connected to Build server: Bloop v1.4.12
2022.02.08 22:54:00 INFO  no build target found for /Users/sdk/Desktop/scala/vscode/hw3_ex14/src/main/scala/hw3/CH3.13-EX14/ci.scala. Using presentation compiler with project's scala-library version: 3.1.0
2022.02.08 22:54:00 INFO  time: code lens generation in 7.31s
Feb 08, 2022 10:54:00 PM org.eclipse.lsp4j.jsonrpc.RemoteEndpoint handleCancellation
WARNING: Unmatched cancel notification for request id 5
2022.02.08 22:54:01 INFO  time: Imported build in 0.19s
2022.02.08 22:54:05 INFO  no build target found for /Users/sdk/Desktop/scala/vscode/hw3_ex14/src/main/scala/hw3/CH3.13-EX14/ci.scala. Using presentation compiler with project's scala-library version: 3.1.0
2022.02.08 22:54:07 INFO  time: code lens generation in 13s
2022.02.08 22:54:12 INFO  time: indexed workspace in 11s
2022.02.08 22:54:13 INFO  compiling root (1 scala source)
2022.02.08 22:54:19 INFO  time: compiled root in 6.67s
2022.02.08 23:12:16 INFO  shutting down Metals
Feb 08, 2022 11:12:16 PM org.eclipse.lsp4j.jsonrpc.RemoteEndpoint notify
INFO: Failed to send notification message.
org.eclipse.lsp4j.jsonrpc.JsonRpcException: java.nio.channels.AsynchronousCloseException
	at org.eclipse.lsp4j.jsonrpc.json.StreamMessageConsumer.consume(StreamMessageConsumer.java:72)
	at org.eclipse.lsp4j.jsonrpc.RemoteEndpoint.notify(RemoteEndpoint.java:126)
	at org.eclipse.lsp4j.jsonrpc.services.EndpointProxy.invoke(EndpointProxy.java:88)
	at jdk.proxy2/jdk.proxy2.$Proxy11.onBuildExit(Unknown Source)
	at scala.meta.internal.metals.BuildServerConnection.$anonfun$shutdown$1(BuildServerConnection.scala:103)
	at scala.meta.internal.metals.BuildServerConnection.$anonfun$shutdown$1$adapted(BuildServerConnection.scala:99)
	at scala.util.Success.$anonfun$map$1(Try.scala:255)
	at scala.util.Success.map(Try.scala:213)
	at scala.concurrent.Future.$anonfun$map$1(Future.scala:292)
	at scala.concurrent.impl.Promise.liftedTree1$1(Promise.scala:33)
	at scala.concurrent.impl.Promise.$anonfun$transform$1(Promise.scala:33)
	at scala.concurrent.impl.CallbackRunnable.run(Promise.scala:64)
	at java.base/java.util.concurrent.ThreadPoolExecutor.runWorker(ThreadPoolExecutor.java:1136)
	at java.base/java.util.concurrent.ThreadPoolExecutor$Worker.run(ThreadPoolExecutor.java:635)
	at java.base/java.lang.Thread.run(Thread.java:833)
Caused by: java.nio.channels.AsynchronousCloseException
	at java.base/java.nio.channels.spi.AbstractInterruptibleChannel.end(AbstractInterruptibleChannel.java:202)
	at java.base/sun.nio.ch.SinkChannelImpl.endWrite(SinkChannelImpl.java:263)
	at java.base/sun.nio.ch.SinkChannelImpl.write(SinkChannelImpl.java:285)
	at java.base/java.nio.channels.Channels.writeFullyImpl(Channels.java:74)
	at java.base/java.nio.channels.Channels.writeFully(Channels.java:93)
	at java.base/java.nio.channels.Channels$1.write(Channels.java:171)
	at java.base/java.io.OutputStream.write(OutputStream.java:127)
	at java.base/java.nio.channels.Channels$1.write(Channels.java:151)
	at scala.meta.internal.metals.ClosableOutputStream.write(ClosableOutputStream.scala:26)
	at java.base/java.io.FilterOutputStream.write(FilterOutputStream.java:137)
	at java.base/java.io.FilterOutputStream.write(FilterOutputStream.java:108)
	at org.eclipse.lsp4j.jsonrpc.json.StreamMessageConsumer.consume(StreamMessageConsumer.java:67)
	... 14 more

Feb 08, 2022 11:12:16 PM org.eclipse.lsp4j.jsonrpc.RemoteEndpoint notify
INFO: Failed to send notification message.
org.eclipse.lsp4j.jsonrpc.JsonRpcException: java.nio.channels.AsynchronousCloseException
	at org.eclipse.lsp4j.jsonrpc.json.StreamMessageConsumer.consume(StreamMessageConsumer.java:72)
	at org.eclipse.lsp4j.jsonrpc.RemoteEndpoint.notify(RemoteEndpoint.java:126)
	at org.eclipse.lsp4j.jsonrpc.services.EndpointProxy.invoke(EndpointProxy.java:88)
	at jdk.proxy2/jdk.proxy2.$Proxy11.onBuildExit(Unknown Source)
	at scala.meta.internal.metals.BuildServerConnection.$anonfun$shutdown$1(BuildServerConnection.scala:103)
	at scala.meta.internal.metals.BuildServerConnection.$anonfun$shutdown$1$adapted(BuildServerConnection.scala:99)
	at scala.util.Success.$anonfun$map$1(Try.scala:255)
	at scala.util.Success.map(Try.scala:213)
	at scala.concurrent.Future.$anonfun$map$1(Future.scala:292)
	at scala.concurrent.impl.Promise.liftedTree1$1(Promise.scala:33)
	at scala.concurrent.impl.Promise.$anonfun$transform$1(Promise.scala:33)
	at scala.concurrent.impl.CallbackRunnable.run(Promise.scala:64)
	at java.base/java.util.concurrent.ThreadPoolExecutor.runWorker(ThreadPoolExecutor.java:1136)
	at java.base/java.util.concurrent.ThreadPoolExecutor$Worker.run(ThreadPoolExecutor.java:635)
	at java.base/java.lang.Thread.run(Thread.java:833)
Caused by: java.nio.channels.AsynchronousCloseException
	at java.base/java.nio.channels.spi.AbstractInterruptibleChannel.end(AbstractInterruptibleChannel.java:202)
	at java.base/sun.nio.ch.SinkChannelImpl.endWrite(SinkChannelImpl.java:263)
	at java.base/sun.nio.ch.SinkChannelImpl.write(SinkChannelImpl.java:285)
	at java.base/java.nio.channels.Channels.writeFullyImpl(Channels.java:74)
	at java.base/java.nio.channels.Channels.writeFully(Channels.java:93)
	at java.base/java.nio.channels.Channels$1.write(Channels.java:171)
	at java.base/java.io.OutputStream.write(OutputStream.java:127)
	at java.base/java.nio.channels.Channels$1.write(Channels.java:151)
	at scala.meta.internal.metals.ClosableOutputStream.write(ClosableOutputStream.scala:26)
	at java.base/java.io.FilterOutputStream.write(FilterOutputStream.java:137)
	at java.base/java.io.FilterOutputStream.write(FilterOutputStream.java:108)
	at org.eclipse.lsp4j.jsonrpc.json.StreamMessageConsumer.consume(StreamMessageConsumer.java:67)
	... 14 more

2022.02.08 23:12:16 INFO  Shut down connection with build server.
2022.02.08 23:12:16 INFO  Shut down connection with build server.
2022.02.17 13:42:03 INFO  tracing is disabled for protocol LSP, to enable tracing of incoming and outgoing JSON messages create an empty file at /Users/sdk/Desktop/scala/vscode/hw3_ex14/.metals/lsp.trace.json or /Users/sdk/Library/Caches/org.scalameta.metals/lsp.trace.json
2022.02.17 13:42:03 INFO  logging to file /Users/sdk/Desktop/scala/vscode/hw3_ex14/.metals/metals.log
2022.02.17 13:42:03 INFO  Started: Metals version 0.11.1 in workspace '/Users/sdk/Desktop/scala/vscode/hw3_ex14' for client Visual Studio Code 1.64.2.
2022.02.17 13:42:03 INFO  Parse release: 17
2022.02.17 13:42:09 INFO  time: initialize in 5.11s
2022.02.17 13:42:09 INFO  Attempting to connect to the build server...
2022.02.17 13:42:09 INFO  skipping build import with status 'Installed'
2022.02.17 13:42:10 INFO  tracing is disabled for protocol BSP, to enable tracing of incoming and outgoing JSON messages create an empty file at /Users/sdk/Desktop/scala/vscode/hw3_ex14/.metals/bsp.trace.json or /Users/sdk/Library/Caches/org.scalameta.metals/bsp.trace.json
2022.02.17 13:42:10 INFO  Attempting to connect to the build server...
2022.02.17 13:42:10 INFO  tracing is disabled for protocol BSP, to enable tracing of incoming and outgoing JSON messages create an empty file at /Users/sdk/Desktop/scala/vscode/hw3_ex14/project/.metals/bsp.trace.json or /Users/sdk/Library/Caches/org.scalameta.metals/bsp.trace.json
2022.02.17 13:42:10 INFO  time: Connected to build server in 0.54s
2022.02.17 13:42:10 INFO  Connected to Build server: Bloop v1.4.12
2022.02.17 13:42:10 INFO  time: Imported build in 0.17s
2022.02.17 13:42:18 INFO  time: indexed workspace in 7.47s
Feb 17, 2022 1:42:24 PM org.eclipse.lsp4j.jsonrpc.services.GenericEndpoint notify
INFO: Unsupported notification method: $/setTrace
2022.02.17 13:43:10 INFO  compiling root (1 scala source)
2022.02.17 13:43:13 INFO  time: compiled root in 2.22s
2022.02.17 13:46:04 INFO  shutting down Metals
2022.02.17 13:46:04 INFO  Shut down connection with build server.
2022.02.17 13:46:04 INFO  Shut down connection with build server.
